MPASM 5.83  /USERS/ORERUNZY99/MPLABXPROJECTS   11-18-2019  23:39:01         PAGE  1


LOC  OBJECT CODE     LINE SOURCE TEXT
  VALUE

                      00001 ; Sample Code for blinking sequential LEDs
                      00002     
                      00003                 LIST P = 16F877     ; target PIC
                      00004             
                      00005                 
                      00006 #include "p16f877.inc"
                      00001         LIST
                      00002 
                      00003 ;==========================================================================
                      00004 ; Build date : Jan 21 2019
                      00005 ;  MPASM PIC16F877 processor include
                      00006 ; 
                      00007 ;  (c) Copyright 1999-2019 Microchip Technology, All rights reserved
                      00008 ;==========================================================================
                      00009 
                      00541         LIST
                      00007 
                      00008 ; CONFIG
                      00009 ; __config 0xFFFB
2007   3FFB           00010  __CONFIG _FOSC_EXTRC & _WDTE_OFF & _PWRTE_OFF & _CP_OFF & _BOREN_ON & _LVP_ON & _CPD_OFF & _WRT_ON
                      00011  
                      00012  
  00000003            00013 STATUS      EQU             0x03            ; Declare STATUS SFR - Bank0 
  00000006            00014 PORTB       EQU             0x06            ; Declare PORTB SFR  - Bank0 
  00000086            00015 TRISB       EQU             0x86            ; Seclare TRISB SFR  - Bank1 
                      00016             
  00000005            00017 P0          EQU             0x05            ; Declare Constant P0=STATUS<5>  
  00000006            00018 P1          EQU             0x06            ; Declare Constant P1=STATUS<6> 
                      00019 
                      00020 
                      00021                     
                      00022             ORG             0x0000 
0000   2???           00023             GOTO            START
                      00024             
                      00025             
                      00026             CBLOCK          0x20            ; GPR
                      00027                             ;LED                    ; declaration of GPR in Bank0
  00000020            00028                             Kount100us
  00000021            00029                             Kount25ms
  00000022            00030                             Kount1s
                      00031             ENDC 
                      00032             
                      00033             ORG             0x0005
                      00034             
0005                  00035 START
0005   1303           00036             bcf             STATUS, P1      ; Select Bank0 or 1
0006   1683           00037             bsf             STATUS, P0      ; Select Bank1 -- STATUS<5>
0007   3000           00038             movlw           0x00            ; move 0 to w register 
Message[302]: Register in operand not in bank 0.  Ensure that bank bits are correct.
0008   0086           00039             movwf           TRISB           ; TRISB<7:0>='0'. PORTB<7:0> outputs
0009   1283           00040             bcf             STATUS, P0      ; Select Bank0 -- STATUS<5> 
                      00041 
                      00042 ;RESTART
MPASM 5.83  /USERS/ORERUNZY99/MPLABXPROJECTS   11-18-2019  23:39:01         PAGE  2


LOC  OBJECT CODE     LINE SOURCE TEXT
  VALUE

                      00043             ;movlw          0x07            ; Set Constant LED = -7 
                      00044             ;movwf          LED
                      00045           
                      00046 
000A                  00047 LOOP       
000A   1406           00048             bsf             PORTB, 0x00
000B   2???           00049             call            Delay1s         
000C   1006           00050             bcf             PORTB, 0x00     
000D   2???           00051             call            Delay1s
                      00052             
000E   1486           00053             bsf             PORTB, 0x01
000F   2???           00054             call            Delay1s         
0010   1086           00055             bcf             PORTB, 0x01 
0011   2???           00056             call            Delay1s
                      00057             
0012   1506           00058             bsf             PORTB, 0x02
0013   2???           00059             call            Delay1s         
0014   1106           00060             bcf             PORTB, 0x02     
0015   2???           00061             call            Delay1s
                      00062             
0016   1586           00063             bsf             PORTB, 0x03
0017   2???           00064             call            Delay1s         
0018   1186           00065             bcf             PORTB, 0x03     
0019   2???           00066             call            Delay1s
                      00067             
001A   1606           00068             bsf             PORTB, 0x04
001B   2???           00069             call            Delay1s         
001C   1206           00070             bcf             PORTB, 0x04     
001D   2???           00071             call            Delay1s
                      00072             
001E   1686           00073             bsf             PORTB, 0x05
001F   2???           00074             call            Delay1s         
0020   1286           00075             bcf             PORTB, 0x05   
0021   2???           00076             call            Delay1s
                      00077             
0022   1706           00078             bsf             PORTB, 0x06
0023   2???           00079             call            Delay1s         
0024   1306           00080             bcf             PORTB, 0x06     
0025   2???           00081             call            Delay1s
                      00082             
0026   1786           00083             bsf             PORTB, 0x07
0027   2???           00084             call            Delay1s         
0028   1386           00085             bcf             PORTB, 0x07    
0029   2???           00086             call            Delay1s
                      00087             
002A   2???           00088             goto            LOOP
                      00089             
                      00090             ;bsf                    PORTB, LED
                      00091             ;call           Delay1s         
                      00092             ;bcf                    PORTB, LED      
                      00093             ;call           Delay1s          
                      00094             ;decfsz         LED             
                      00095             ;goto           LOOP
MPASM 5.83  /USERS/ORERUNZY99/MPLABXPROJECTS   11-18-2019  23:39:01         PAGE  3


LOC  OBJECT CODE     LINE SOURCE TEXT
  VALUE

                      00096             ;bsf                    PORTB, LED   
                      00097             ;call           Delay1s         
                      00098             ;bcf                    PORTB, LED      
                      00099             ;call           Delay1s     
                      00100             ;goto           RESTART
                      00101             
002B                  00102 Delay1s 
002B   3028           00103             movlw           0x28            ; Load d'40 into literal 
002C   00A2           00104             movwf           Kount1s
002D                  00105 R1s         
002D   2???           00106             call            Delay25ms
Message[305]: Using default destination of 1 (file).
002E   0BA2           00107             decfsz          Kount1s
002F   2???           00108             goto            R1s
                      00109                                             ; skip 
0030   0008           00110             return 
                      00111             
                      00112             
0031                  00113 Delay25ms
0031   30FA           00114             movlw           0xFA           ; Load d'250 in Literal 
0032   00A1           00115             movwf           Kount25ms
0033                  00116 R25ms       
0033   2???           00117             call            Delay100us
Message[305]: Using default destination of 1 (file).
0034   0BA1           00118             decfsz          Kount25ms
0035   2???           00119             goto            R25ms 
                      00120                                             ; skip
0036   0008           00121             return 
                      00122            
0037                  00123 Delay100us
0037   30A5           00124             movlw           0xA5            ; Load d'165 into literal
0038   00A0           00125             movwf           Kount100us
0039                  00126 R100us     
Message[305]: Using default destination of 1 (file).
0039   0BA0           00127             decfsz          Kount100us
003A   2???           00128             goto            R100us
                      00129                                             ; skip
003B   0008           00130             return 
                      00131             
3FFB                  00132             END
MPASM 5.83  /USERS/ORERUNZY99/MPLABXPROJECTS   11-18-2019  23:39:01         PAGE  4


SYMBOL TABLE
  LABEL                             VALUE 

ACKDT                             00000005
ACKEN                             00000004
ACKSTAT                           00000006
ADCON0                            0000001F
ADCON1                            0000009F
ADCS0                             00000006
ADCS1                             00000007
ADDEN                             00000003
ADFM                              00000007
ADIE                              00000006
ADIF                              00000006
ADON                              00000000
ADRESH                            0000001E
ADRESL                            0000009E
BCLIE                             00000003
BCLIF                             00000003
BF                                00000000
BRGH                              00000002
C                                 00000000
CCP1CON                           00000017
CCP1IE                            00000002
CCP1IF                            00000002
CCP1M0                            00000000
CCP1M1                            00000001
CCP1M2                            00000002
CCP1M3                            00000003
CCP1X                             00000005
CCP1Y                             00000004
CCP2CON                           0000001D
CCP2IE                            00000000
CCP2IF                            00000000
CCP2M0                            00000000
CCP2M1                            00000001
CCP2M2                            00000002
CCP2M3                            00000003
CCP2X                             00000005
CCP2Y                             00000004
CCPR1                             00000015
CCPR1H                            00000016
CCPR1L                            00000015
CCPR2                             0000001B
CCPR2H                            0000001C
CCPR2L                            0000001B
CHS0                              00000003
CHS1                              00000004
CHS2                              00000005
CKE                               00000006
CKP                               00000004
CREN                              00000004
CSRC                              00000007
D                                 00000005
DATA_ADDRESS                      00000005
DC                                00000001
MPASM 5.83  /USERS/ORERUNZY99/MPLABXPROJECTS   11-18-2019  23:39:01         PAGE  5


SYMBOL TABLE
  LABEL                             VALUE 

D_A                               00000005
D_NOT_A                           00000005
Delay100us                        00000037
Delay1s                           0000002B
Delay25ms                         00000031
EEADR                             0000010D
EEADRH                            0000010F
EECON1                            0000018C
EECON2                            0000018D
EEDATA                            0000010C
EEDATH                            0000010E
EEIE                              00000004
EEIF                              00000004
EEPGD                             00000007
F                                 00000001
FERR                              00000002
FSR                               00000004
GCEN                              00000007
GIE                               00000007
GO                                00000002
GO_DONE                           00000002
GO_NOT_DONE                       00000002
I2C_DATA                          00000005
I2C_READ                          00000002
I2C_START                         00000003
I2C_STOP                          00000004
IBF                               00000007
IBOV                              00000005
INDF                              00000000
INTCON                            0000000B
INTE                              00000004
INTEDG                            00000006
INTF                              00000001
IRP                               00000007
Kount100us                        00000020
Kount1s                           00000022
Kount25ms                         00000021
LOOP                              0000000A
NOT_A                             00000005
NOT_ADDRESS                       00000005
NOT_BO                            00000000
NOT_BOR                           00000000
NOT_DONE                          00000002
NOT_PD                            00000003
NOT_POR                           00000001
NOT_RBPU                          00000007
NOT_RC8                           00000006
NOT_T1SYNC                        00000002
NOT_TO                            00000004
NOT_TX8                           00000006
NOT_W                             00000002
NOT_WRITE                         00000002
OBF                               00000006
MPASM 5.83  /USERS/ORERUNZY99/MPLABXPROJECTS   11-18-2019  23:39:01         PAGE  6


SYMBOL TABLE
  LABEL                             VALUE 

OERR                              00000001
OPTION_REG                        00000081
P                                 00000004
P0                                00000005
P1                                00000006
PCFG0                             00000000
PCFG1                             00000001
PCFG2                             00000002
PCFG3                             00000003
PCL                               00000002
PCLATH                            0000000A
PCON                              0000008E
PEIE                              00000006
PEN                               00000002
PIE1                              0000008C
PIE2                              0000008D
PIR1                              0000000C
PIR2                              0000000D
PORTA                             00000005
PORTB                             00000006
PORTC                             00000007
PORTD                             00000008
PORTE                             00000009
PR2                               00000092
PS0                               00000000
PS1                               00000001
PS2                               00000002
PSA                               00000003
PSPIE                             00000007
PSPIF                             00000007
PSPMODE                           00000004
R                                 00000002
R100us                            00000039
R1s                               0000002D
R25ms                             00000033
RA0                               00000000
RA1                               00000001
RA2                               00000002
RA3                               00000003
RA4                               00000004
RA5                               00000005
RB0                               00000000
RB1                               00000001
RB2                               00000002
RB3                               00000003
RB4                               00000004
RB5                               00000005
RB6                               00000006
RB7                               00000007
RBIE                              00000003
RBIF                              00000000
RC0                               00000000
RC1                               00000001
MPASM 5.83  /USERS/ORERUNZY99/MPLABXPROJECTS   11-18-2019  23:39:01         PAGE  7


SYMBOL TABLE
  LABEL                             VALUE 

RC2                               00000002
RC3                               00000003
RC4                               00000004
RC5                               00000005
RC6                               00000006
RC7                               00000007
RC8_9                             00000006
RC9                               00000006
RCD8                              00000000
RCEN                              00000003
RCIE                              00000005
RCIF                              00000005
RCREG                             0000001A
RCSTA                             00000018
RD                                00000000
RD0                               00000000
RD1                               00000001
RD2                               00000002
RD3                               00000003
RD4                               00000004
RD5                               00000005
RD6                               00000006
RD7                               00000007
RE0                               00000000
RE1                               00000001
RE2                               00000002
READ_WRITE                        00000002
RP0                               00000005
RP1                               00000006
RSEN                              00000001
RX9                               00000006
RX9D                              00000000
R_NOT_W                           00000002
R_W                               00000002
S                                 00000003
SEN                               00000000
SMP                               00000007
SPBRG                             00000099
SPEN                              00000007
SREN                              00000005
SSPADD                            00000093
SSPBUF                            00000013
SSPCON                            00000014
SSPCON2                           00000091
SSPEN                             00000005
SSPIE                             00000003
SSPIF                             00000003
SSPM0                             00000000
SSPM1                             00000001
SSPM2                             00000002
SSPM3                             00000003
SSPOV                             00000006
SSPSTAT                           00000094
MPASM 5.83  /USERS/ORERUNZY99/MPLABXPROJECTS   11-18-2019  23:39:01         PAGE  8


SYMBOL TABLE
  LABEL                             VALUE 

START                             00000005
STATUS                            00000003
SYNC                              00000004
T0CS                              00000005
T0IE                              00000005
T0IF                              00000002
T0SE                              00000004
T1CKPS0                           00000004
T1CKPS1                           00000005
T1CON                             00000010
T1INSYNC                          00000002
T1OSCEN                           00000003
T1SYNC                            00000002
T2CKPS0                           00000000
T2CKPS1                           00000001
T2CON                             00000012
TMR0                              00000001
TMR0IE                            00000005
TMR0IF                            00000002
TMR1                              0000000E
TMR1CS                            00000001
TMR1H                             0000000F
TMR1IE                            00000000
TMR1IF                            00000000
TMR1L                             0000000E
TMR1ON                            00000000
TMR2                              00000011
TMR2IE                            00000001
TMR2IF                            00000001
TMR2ON                            00000002
TOUTPS0                           00000003
TOUTPS1                           00000004
TOUTPS2                           00000005
TOUTPS3                           00000006
TRISA                             00000085
TRISA0                            00000000
TRISA1                            00000001
TRISA2                            00000002
TRISA3                            00000003
TRISA4                            00000004
TRISA5                            00000005
TRISB                             00000086
TRISB0                            00000000
TRISB1                            00000001
TRISB2                            00000002
TRISB3                            00000003
TRISB4                            00000004
TRISB5                            00000005
TRISB6                            00000006
TRISB7                            00000007
TRISC                             00000087
TRISC0                            00000000
TRISC1                            00000001
MPASM 5.83  /USERS/ORERUNZY99/MPLABXPROJECTS   11-18-2019  23:39:01         PAGE  9


SYMBOL TABLE
  LABEL                             VALUE 

TRISC2                            00000002
TRISC3                            00000003
TRISC4                            00000004
TRISC5                            00000005
TRISC6                            00000006
TRISC7                            00000007
TRISD                             00000088
TRISD0                            00000000
TRISD1                            00000001
TRISD2                            00000002
TRISD3                            00000003
TRISD4                            00000004
TRISD5                            00000005
TRISD6                            00000006
TRISD7                            00000007
TRISE                             00000089
TRISE0                            00000000
TRISE1                            00000001
TRISE2                            00000002
TRMT                              00000001
TX8_9                             00000006
TX9                               00000006
TX9D                              00000000
TXD8                              00000000
TXEN                              00000005
TXIE                              00000004
TXIF                              00000004
TXREG                             00000019
TXSTA                             00000098
UA                                00000001
W                                 00000000
WCOL                              00000007
WR                                00000001
WREN                              00000002
WRERR                             00000003
Z                                 00000002
_BODEN_OFF                        00003FBF
_BODEN_ON                         00003FFF
_BOREN_OFF                        00003FBF
_BOREN_ON                         00003FFF
_CONFIG                           00002007
_CPD_OFF                          00003FFF
_CPD_ON                           00003EFF
_CP_ALL                           00000FCF
_CP_HALF                          00001FDF
_CP_OFF                           00003FFF
_CP_UPPER_256                     00002FEF
_DEBUG_OFF                        00003FFF
_DEBUG_ON                         000037FF
_DEVID1                           00002006
_FOSC_EXTRC                       00003FFF
_FOSC_HS                          00003FFE
_FOSC_LP                          00003FFC
MPASM 5.83  /USERS/ORERUNZY99/MPLABXPROJECTS   11-18-2019  23:39:01         PAGE 10


SYMBOL TABLE
  LABEL                             VALUE 

_FOSC_XT                          00003FFD
_HS_OSC                           00003FFE
_IDLOC0                           00002000
_IDLOC1                           00002001
_IDLOC2                           00002002
_IDLOC3                           00002003
_LP_OSC                           00003FFC
_LVP_OFF                          00003F7F
_LVP_ON                           00003FFF
_PWRTE_OFF                        00003FFF
_PWRTE_ON                         00003FF7
_RC_OSC                           00003FFF
_WDTE_OFF                         00003FFB
_WDTE_ON                          00003FFF
_WDT_OFF                          00003FFB
_WDT_ON                           00003FFF
_WRT_ENABLE_OFF                   00003DFF
_WRT_ENABLE_ON                    00003FFF
_WRT_OFF                          00003DFF
_WRT_ON                           00003FFF
_XT_OSC                           00003FFD
__16F877                          00000001
__DEBUG                           
__MPLAB_DEBUGGER_SIMULATOR        1

Errors   :     0
Warnings :     0 reported,     0 suppressed
Messages :     4 reported,     0 suppressed

